<?xml version="1.0" encoding="UTF-8"?>
<testng-results skipped="0" failed="0" total="1" passed="1">
  <reporter-output>
  </reporter-output>
  <suite name="Suite" duration-ms="15" started-at="2018-06-03T06:18:55Z" finished-at="2018-06-03T06:18:55Z">
    <groups>
    </groups>
    <test name="Test" duration-ms="15" started-at="2018-06-03T06:18:55Z" finished-at="2018-06-03T06:18:55Z">
      <class name="com.zoey.LessionFiveTest.LessionFiveDemo">
        <test-method status="PASS" signature="zoeyTest()[pri:0, instance:com.zoey.LessionFiveTest.LessionFiveDemo@5419f379]" name="zoeyTest" duration-ms="15" started-at="2018-06-03T14:18:55Z" finished-at="2018-06-03T14:18:55Z">
          <reporter-output>
          </reporter-output>
        </test-method> <!-- zoeyTest -->
      </class> <!-- com.zoey.LessionFiveTest.LessionFiveDemo -->
    </test> <!-- Test -->
  </suite> <!-- Suite -->
</testng-results>
